<?xml version="1.0" encoding="UTF-8"?>
<testsuite xmlns:xsi="http://www.w3.org/2001/XMLSchema-instance" xsi:noNamespaceSchemaLocation="https://maven.apache.org/surefire/maven-surefire-plugin/xsd/surefire-test-report.xsd" name="org.example.AppTest" time="0.015" tests="1" errors="0" skipped="0" failures="0">
  <properties>
    <property name="sun.desktop" value="windows"/>
    <property name="awt.toolkit" value="sun.awt.windows.WToolkit"/>
    <property name="file.encoding.pkg" value="sun.io"/>
    <property name="java.specification.version" value="1.8"/>
    <property name="sun.cpu.isalist" value="amd64"/>
    <property name="sun.jnu.encoding" value="GBK"/>
    <property name="java.class.path" value="G:\AllCodePackage\SpringBootProject\LibraryManager\LibraryServer\target\test-classes;G:\AllCodePackage\SpringBootProject\LibraryManager\LibraryServer\target\classes;D:\Program Files (x86)\apache-maven-3.6.1\repository\junit\junit\4.11\junit-4.11.jar;D:\Program Files (x86)\apache-maven-3.6.1\repository\org\hamcrest\hamcrest-core\2.2\hamcrest-core-2.2.jar;D:\Program Files (x86)\apache-maven-3.6.1\repository\org\hamcrest\hamcrest\2.2\hamcrest-2.2.jar;D:\Program Files (x86)\apache-maven-3.6.1\repository\org\springframework\boot\spring-boot-starter-web\2.4.5\spring-boot-starter-web-2.4.5.jar;D:\Program Files (x86)\apache-maven-3.6.1\repository\org\springframework\boot\spring-boot-starter\2.4.5\spring-boot-starter-2.4.5.jar;D:\Program Files (x86)\apache-maven-3.6.1\repository\org\springframework\boot\spring-boot\2.4.5\spring-boot-2.4.5.jar;D:\Program Files (x86)\apache-maven-3.6.1\repository\org\springframework\boot\spring-boot-autoconfigure\2.4.5\spring-boot-autoconfigure-2.4.5.jar;D:\Program Files (x86)\apache-maven-3.6.1\repository\org\springframework\boot\spring-boot-starter-logging\2.4.5\spring-boot-starter-logging-2.4.5.jar;D:\Program Files (x86)\apache-maven-3.6.1\repository\ch\qos\logback\logback-classic\1.2.3\logback-classic-1.2.3.jar;D:\Program Files (x86)\apache-maven-3.6.1\repository\ch\qos\logback\logback-core\1.2.3\logback-core-1.2.3.jar;D:\Program Files (x86)\apache-maven-3.6.1\repository\org\apache\logging\log4j\log4j-to-slf4j\2.13.3\log4j-to-slf4j-2.13.3.jar;D:\Program Files (x86)\apache-maven-3.6.1\repository\org\apache\logging\log4j\log4j-api\2.13.3\log4j-api-2.13.3.jar;D:\Program Files (x86)\apache-maven-3.6.1\repository\org\slf4j\jul-to-slf4j\1.7.30\jul-to-slf4j-1.7.30.jar;D:\Program Files (x86)\apache-maven-3.6.1\repository\jakarta\annotation\jakarta.annotation-api\1.3.5\jakarta.annotation-api-1.3.5.jar;D:\Program Files (x86)\apache-maven-3.6.1\repository\org\springframework\spring-core\5.3.6\spring-core-5.3.6.jar;D:\Program Files (x86)\apache-maven-3.6.1\repository\org\springframework\spring-jcl\5.3.6\spring-jcl-5.3.6.jar;D:\Program Files (x86)\apache-maven-3.6.1\repository\org\yaml\snakeyaml\1.27\snakeyaml-1.27.jar;D:\Program Files (x86)\apache-maven-3.6.1\repository\org\springframework\boot\spring-boot-starter-json\2.4.5\spring-boot-starter-json-2.4.5.jar;D:\Program Files (x86)\apache-maven-3.6.1\repository\com\fasterxml\jackson\core\jackson-databind\2.11.4\jackson-databind-2.11.4.jar;D:\Program Files (x86)\apache-maven-3.6.1\repository\com\fasterxml\jackson\core\jackson-annotations\2.11.4\jackson-annotations-2.11.4.jar;D:\Program Files (x86)\apache-maven-3.6.1\repository\com\fasterxml\jackson\core\jackson-core\2.11.4\jackson-core-2.11.4.jar;D:\Program Files (x86)\apache-maven-3.6.1\repository\com\fasterxml\jackson\datatype\jackson-datatype-jdk8\2.11.4\jackson-datatype-jdk8-2.11.4.jar;D:\Program Files (x86)\apache-maven-3.6.1\repository\com\fasterxml\jackson\datatype\jackson-datatype-jsr310\2.11.4\jackson-datatype-jsr310-2.11.4.jar;D:\Program Files (x86)\apache-maven-3.6.1\repository\com\fasterxml\jackson\module\jackson-module-parameter-names\2.11.4\jackson-module-parameter-names-2.11.4.jar;D:\Program Files (x86)\apache-maven-3.6.1\repository\org\springframework\boot\spring-boot-starter-tomcat\2.4.5\spring-boot-starter-tomcat-2.4.5.jar;D:\Program Files (x86)\apache-maven-3.6.1\repository\org\apache\tomcat\embed\tomcat-embed-core\9.0.45\tomcat-embed-core-9.0.45.jar;D:\Program Files (x86)\apache-maven-3.6.1\repository\org\glassfish\jakarta.el\3.0.3\jakarta.el-3.0.3.jar;D:\Program Files (x86)\apache-maven-3.6.1\repository\org\apache\tomcat\embed\tomcat-embed-websocket\9.0.45\tomcat-embed-websocket-9.0.45.jar;D:\Program Files (x86)\apache-maven-3.6.1\repository\org\springframework\spring-web\5.3.6\spring-web-5.3.6.jar;D:\Program Files (x86)\apache-maven-3.6.1\repository\org\springframework\spring-beans\5.3.6\spring-beans-5.3.6.jar;D:\Program Files (x86)\apache-maven-3.6.1\repository\org\springframework\spring-webmvc\5.3.6\spring-webmvc-5.3.6.jar;D:\Program Files (x86)\apache-maven-3.6.1\repository\org\springframework\spring-aop\5.3.6\spring-aop-5.3.6.jar;D:\Program Files (x86)\apache-maven-3.6.1\repository\org\springframework\spring-context\5.3.6\spring-context-5.3.6.jar;D:\Program Files (x86)\apache-maven-3.6.1\repository\org\springframework\spring-expression\5.3.6\spring-expression-5.3.6.jar;D:\Program Files (x86)\apache-maven-3.6.1\repository\org\mybatis\spring\boot\mybatis-spring-boot-starter\1.3.1\mybatis-spring-boot-starter-1.3.1.jar;D:\Program Files (x86)\apache-maven-3.6.1\repository\org\springframework\boot\spring-boot-starter-jdbc\2.4.5\spring-boot-starter-jdbc-2.4.5.jar;D:\Program Files (x86)\apache-maven-3.6.1\repository\com\zaxxer\HikariCP\3.4.5\HikariCP-3.4.5.jar;D:\Program Files (x86)\apache-maven-3.6.1\repository\org\slf4j\slf4j-api\1.7.30\slf4j-api-1.7.30.jar;D:\Program Files (x86)\apache-maven-3.6.1\repository\org\springframework\spring-jdbc\5.3.6\spring-jdbc-5.3.6.jar;D:\Program Files (x86)\apache-maven-3.6.1\repository\org\springframework\spring-tx\5.3.6\spring-tx-5.3.6.jar;D:\Program Files (x86)\apache-maven-3.6.1\repository\org\mybatis\spring\boot\mybatis-spring-boot-autoconfigure\1.3.1\mybatis-spring-boot-autoconfigure-1.3.1.jar;D:\Program Files (x86)\apache-maven-3.6.1\repository\org\mybatis\mybatis\3.4.5\mybatis-3.4.5.jar;D:\Program Files (x86)\apache-maven-3.6.1\repository\org\mybatis\mybatis-spring\1.3.1\mybatis-spring-1.3.1.jar;D:\Program Files (x86)\apache-maven-3.6.1\repository\org\mybatis\generator\mybatis-generator-core\1.3.5\mybatis-generator-core-1.3.5.jar;D:\Program Files (x86)\apache-maven-3.6.1\repository\org\apache\commons\commons-lang3\3.7\commons-lang3-3.7.jar;D:\Program Files (x86)\apache-maven-3.6.1\repository\mysql\mysql-connector-java\5.1.41\mysql-connector-java-5.1.41.jar;D:\Program Files (x86)\apache-maven-3.6.1\repository\org\hibernate\hibernate-validator\5.4.0.Final\hibernate-validator-5.4.0.Final.jar;D:\Program Files (x86)\apache-maven-3.6.1\repository\javax\validation\validation-api\2.0.1.Final\validation-api-2.0.1.Final.jar;D:\Program Files (x86)\apache-maven-3.6.1\repository\org\jboss\logging\jboss-logging\3.4.1.Final\jboss-logging-3.4.1.Final.jar;D:\Program Files (x86)\apache-maven-3.6.1\repository\com\fasterxml\classmate\1.5.1\classmate-1.5.1.jar;"/>
    <property name="java.vm.vendor" value="Amazon.com Inc."/>
    <property name="sun.arch.data.model" value="64"/>
    <property name="user.variant" value=""/>
    <property name="java.vendor.url" value="https://aws.amazon.com/corretto/"/>
    <property name="user.timezone" value="GMT+08:00"/>
    <property name="java.vm.specification.version" value="1.8"/>
    <property name="os.name" value="Windows 10"/>
    <property name="user.country" value="CN"/>
    <property name="sun.java.launcher" value="SUN_STANDARD"/>
    <property name="sun.boot.library.path" value="C:\Users\73439\.jdks\corretto-1.8.0_322\jre\bin"/>
    <property name="sun.java.command" value="C:\Users\73439\AppData\Local\Temp\surefire2148830763451178502\surefirebooter676433164379614034.jar C:\Users\73439\AppData\Local\Temp\surefire2148830763451178502 2022-03-19T10-04-53_841-jvmRun1 surefire5411599883643118686tmp surefire_0937802253873787366tmp"/>
    <property name="surefire.test.class.path" value="G:\AllCodePackage\SpringBootProject\LibraryManager\LibraryServer\target\test-classes;G:\AllCodePackage\SpringBootProject\LibraryManager\LibraryServer\target\classes;D:\Program Files (x86)\apache-maven-3.6.1\repository\junit\junit\4.11\junit-4.11.jar;D:\Program Files (x86)\apache-maven-3.6.1\repository\org\hamcrest\hamcrest-core\2.2\hamcrest-core-2.2.jar;D:\Program Files (x86)\apache-maven-3.6.1\repository\org\hamcrest\hamcrest\2.2\hamcrest-2.2.jar;D:\Program Files (x86)\apache-maven-3.6.1\repository\org\springframework\boot\spring-boot-starter-web\2.4.5\spring-boot-starter-web-2.4.5.jar;D:\Program Files (x86)\apache-maven-3.6.1\repository\org\springframework\boot\spring-boot-starter\2.4.5\spring-boot-starter-2.4.5.jar;D:\Program Files (x86)\apache-maven-3.6.1\repository\org\springframework\boot\spring-boot\2.4.5\spring-boot-2.4.5.jar;D:\Program Files (x86)\apache-maven-3.6.1\repository\org\springframework\boot\spring-boot-autoconfigure\2.4.5\spring-boot-autoconfigure-2.4.5.jar;D:\Program Files (x86)\apache-maven-3.6.1\repository\org\springframework\boot\spring-boot-starter-logging\2.4.5\spring-boot-starter-logging-2.4.5.jar;D:\Program Files (x86)\apache-maven-3.6.1\repository\ch\qos\logback\logback-classic\1.2.3\logback-classic-1.2.3.jar;D:\Program Files (x86)\apache-maven-3.6.1\repository\ch\qos\logback\logback-core\1.2.3\logback-core-1.2.3.jar;D:\Program Files (x86)\apache-maven-3.6.1\repository\org\apache\logging\log4j\log4j-to-slf4j\2.13.3\log4j-to-slf4j-2.13.3.jar;D:\Program Files (x86)\apache-maven-3.6.1\repository\org\apache\logging\log4j\log4j-api\2.13.3\log4j-api-2.13.3.jar;D:\Program Files (x86)\apache-maven-3.6.1\repository\org\slf4j\jul-to-slf4j\1.7.30\jul-to-slf4j-1.7.30.jar;D:\Program Files (x86)\apache-maven-3.6.1\repository\jakarta\annotation\jakarta.annotation-api\1.3.5\jakarta.annotation-api-1.3.5.jar;D:\Program Files (x86)\apache-maven-3.6.1\repository\org\springframework\spring-core\5.3.6\spring-core-5.3.6.jar;D:\Program Files (x86)\apache-maven-3.6.1\repository\org\springframework\spring-jcl\5.3.6\spring-jcl-5.3.6.jar;D:\Program Files (x86)\apache-maven-3.6.1\repository\org\yaml\snakeyaml\1.27\snakeyaml-1.27.jar;D:\Program Files (x86)\apache-maven-3.6.1\repository\org\springframework\boot\spring-boot-starter-json\2.4.5\spring-boot-starter-json-2.4.5.jar;D:\Program Files (x86)\apache-maven-3.6.1\repository\com\fasterxml\jackson\core\jackson-databind\2.11.4\jackson-databind-2.11.4.jar;D:\Program Files (x86)\apache-maven-3.6.1\repository\com\fasterxml\jackson\core\jackson-annotations\2.11.4\jackson-annotations-2.11.4.jar;D:\Program Files (x86)\apache-maven-3.6.1\repository\com\fasterxml\jackson\core\jackson-core\2.11.4\jackson-core-2.11.4.jar;D:\Program Files (x86)\apache-maven-3.6.1\repository\com\fasterxml\jackson\datatype\jackson-datatype-jdk8\2.11.4\jackson-datatype-jdk8-2.11.4.jar;D:\Program Files (x86)\apache-maven-3.6.1\repository\com\fasterxml\jackson\datatype\jackson-datatype-jsr310\2.11.4\jackson-datatype-jsr310-2.11.4.jar;D:\Program Files (x86)\apache-maven-3.6.1\repository\com\fasterxml\jackson\module\jackson-module-parameter-names\2.11.4\jackson-module-parameter-names-2.11.4.jar;D:\Program Files (x86)\apache-maven-3.6.1\repository\org\springframework\boot\spring-boot-starter-tomcat\2.4.5\spring-boot-starter-tomcat-2.4.5.jar;D:\Program Files (x86)\apache-maven-3.6.1\repository\org\apache\tomcat\embed\tomcat-embed-core\9.0.45\tomcat-embed-core-9.0.45.jar;D:\Program Files (x86)\apache-maven-3.6.1\repository\org\glassfish\jakarta.el\3.0.3\jakarta.el-3.0.3.jar;D:\Program Files (x86)\apache-maven-3.6.1\repository\org\apache\tomcat\embed\tomcat-embed-websocket\9.0.45\tomcat-embed-websocket-9.0.45.jar;D:\Program Files (x86)\apache-maven-3.6.1\repository\org\springframework\spring-web\5.3.6\spring-web-5.3.6.jar;D:\Program Files (x86)\apache-maven-3.6.1\repository\org\springframework\spring-beans\5.3.6\spring-beans-5.3.6.jar;D:\Program Files (x86)\apache-maven-3.6.1\repository\org\springframework\spring-webmvc\5.3.6\spring-webmvc-5.3.6.jar;D:\Program Files (x86)\apache-maven-3.6.1\repository\org\springframework\spring-aop\5.3.6\spring-aop-5.3.6.jar;D:\Program Files (x86)\apache-maven-3.6.1\repository\org\springframework\spring-context\5.3.6\spring-context-5.3.6.jar;D:\Program Files (x86)\apache-maven-3.6.1\repository\org\springframework\spring-expression\5.3.6\spring-expression-5.3.6.jar;D:\Program Files (x86)\apache-maven-3.6.1\repository\org\mybatis\spring\boot\mybatis-spring-boot-starter\1.3.1\mybatis-spring-boot-starter-1.3.1.jar;D:\Program Files (x86)\apache-maven-3.6.1\repository\org\springframework\boot\spring-boot-starter-jdbc\2.4.5\spring-boot-starter-jdbc-2.4.5.jar;D:\Program Files (x86)\apache-maven-3.6.1\repository\com\zaxxer\HikariCP\3.4.5\HikariCP-3.4.5.jar;D:\Program Files (x86)\apache-maven-3.6.1\repository\org\slf4j\slf4j-api\1.7.30\slf4j-api-1.7.30.jar;D:\Program Files (x86)\apache-maven-3.6.1\repository\org\springframework\spring-jdbc\5.3.6\spring-jdbc-5.3.6.jar;D:\Program Files (x86)\apache-maven-3.6.1\repository\org\springframework\spring-tx\5.3.6\spring-tx-5.3.6.jar;D:\Program Files (x86)\apache-maven-3.6.1\repository\org\mybatis\spring\boot\mybatis-spring-boot-autoconfigure\1.3.1\mybatis-spring-boot-autoconfigure-1.3.1.jar;D:\Program Files (x86)\apache-maven-3.6.1\repository\org\mybatis\mybatis\3.4.5\mybatis-3.4.5.jar;D:\Program Files (x86)\apache-maven-3.6.1\repository\org\mybatis\mybatis-spring\1.3.1\mybatis-spring-1.3.1.jar;D:\Program Files (x86)\apache-maven-3.6.1\repository\org\mybatis\generator\mybatis-generator-core\1.3.5\mybatis-generator-core-1.3.5.jar;D:\Program Files (x86)\apache-maven-3.6.1\repository\org\apache\commons\commons-lang3\3.7\commons-lang3-3.7.jar;D:\Program Files (x86)\apache-maven-3.6.1\repository\mysql\mysql-connector-java\5.1.41\mysql-connector-java-5.1.41.jar;D:\Program Files (x86)\apache-maven-3.6.1\repository\org\hibernate\hibernate-validator\5.4.0.Final\hibernate-validator-5.4.0.Final.jar;D:\Program Files (x86)\apache-maven-3.6.1\repository\javax\validation\validation-api\2.0.1.Final\validation-api-2.0.1.Final.jar;D:\Program Files (x86)\apache-maven-3.6.1\repository\org\jboss\logging\jboss-logging\3.4.1.Final\jboss-logging-3.4.1.Final.jar;D:\Program Files (x86)\apache-maven-3.6.1\repository\com\fasterxml\classmate\1.5.1\classmate-1.5.1.jar;"/>
    <property name="sun.cpu.endian" value="little"/>
    <property name="user.home" value="C:\Users\73439"/>
    <property name="user.language" value="zh"/>
    <property name="java.specification.vendor" value="Oracle Corporation"/>
    <property name="java.home" value="C:\Users\73439\.jdks\corretto-1.8.0_322\jre"/>
    <property name="basedir" value="G:\AllCodePackage\SpringBootProject\LibraryManager\LibraryServer"/>
    <property name="file.separator" value="\"/>
    <property name="line.separator" value="&#10;"/>
    <property name="java.vm.specification.vendor" value="Oracle Corporation"/>
    <property name="java.specification.name" value="Java Platform API Specification"/>
    <property name="java.awt.graphicsenv" value="sun.awt.Win32GraphicsEnvironment"/>
    <property name="surefire.real.class.path" value="C:\Users\73439\AppData\Local\Temp\surefire2148830763451178502\surefirebooter676433164379614034.jar"/>
    <property name="sun.boot.class.path" value="C:\Users\73439\.jdks\corretto-1.8.0_322\jre\lib\resources.jar;C:\Users\73439\.jdks\corretto-1.8.0_322\jre\lib\rt.jar;C:\Users\73439\.jdks\corretto-1.8.0_322\jre\lib\sunrsasign.jar;C:\Users\73439\.jdks\corretto-1.8.0_322\jre\lib\jsse.jar;C:\Users\73439\.jdks\corretto-1.8.0_322\jre\lib\jce.jar;C:\Users\73439\.jdks\corretto-1.8.0_322\jre\lib\charsets.jar;C:\Users\73439\.jdks\corretto-1.8.0_322\jre\lib\jfr.jar;C:\Users\73439\.jdks\corretto-1.8.0_322\jre\classes"/>
    <property name="user.script" value=""/>
    <property name="sun.management.compiler" value="HotSpot 64-Bit Tiered Compilers"/>
    <property name="java.runtime.version" value="1.8.0_322-b06"/>
    <property name="user.name" value="dashuaibi"/>
    <property name="path.separator" value=";"/>
    <property name="os.version" value="10.0"/>
    <property name="java.endorsed.dirs" value="C:\Users\73439\.jdks\corretto-1.8.0_322\jre\lib\endorsed"/>
    <property name="java.runtime.name" value="OpenJDK Runtime Environment"/>
    <property name="file.encoding" value="GBK"/>
    <property name="java.vm.name" value="OpenJDK 64-Bit Server VM"/>
    <property name="localRepository" value="D:\Program Files (x86)\apache-maven-3.6.1\repository"/>
    <property name="java.vendor.url.bug" value="https://github.com/corretto/corretto-8/issues/"/>
    <property name="java.io.tmpdir" value="C:\Users\73439\AppData\Local\Temp\"/>
    <property name="idea.version" value="2021.3.1"/>
    <property name="java.version" value="1.8.0_322"/>
    <property name="user.dir" value="G:\AllCodePackage\SpringBootProject\LibraryManager\LibraryServer"/>
    <property name="os.arch" value="amd64"/>
    <property name="java.vm.specification.name" value="Java Virtual Machine Specification"/>
    <property name="java.awt.printerjob" value="sun.awt.windows.WPrinterJob"/>
    <property name="sun.os.patch.level" value=""/>
    <property name="java.library.path" value="C:\Users\73439\.jdks\corretto-1.8.0_322\jre\bin;C:\WINDOWS\Sun\Java\bin;C:\WINDOWS\system32;C:\WINDOWS;D:\vmware\bin\;C:\Program Files\Microsoft MPI\Bin\;C:\Program Files (x86)\Common Files\Oracle\Java\javapath;C:\Program Files\Common Files\Oracle\Java\javapath;C:\windows\system32;C:\windows;C:\windows\System32\Wbem;C:\windows\System32\WindowsPowerShell\v1.0\;C:\windows\System32\OpenSSH\;C:\Program Files\NVIDIA Corporation\NVIDIA NvDLISR;C:\Program Files\Java\jdk-15\bin;C:\Program Files\Microsoft SQL Server\130\Tools\Binn\;C:\Program Files\Microsoft SQL Server\Client SDK\ODBC\170\Tools\Binn\;C:\Program Files (x86)\Microsoft SQL Server\150\Tools\Binn\;C:\Program Files\Microsoft SQL Server\150\Tools\Binn\;C:\Program Files\Microsoft SQL Server\150\DTS\Binn\;C:\WINDOWS\system32;C:\WINDOWS;C:\WINDOWS\System32\Wbem;C:\WINDOWS\System32\WindowsPowerShell\v1.0\;C:\WINDOWS\System32\OpenSSH\;C:\Program Files (x86)\NVIDIA Corporation\PhysX\Common;C:\WINDOWS\system32;C:\WINDOWS;C:\WINDOWS\System32\Wbem;C:\WINDOWS\System32\WindowsPowerShell\v1.0\;C:\WINDOWS\System32\OpenSSH\;&quot;C:\Program Files\Java\jdk-15\bin;C:\Program Files\Java\jdk-15\jre\bin&quot;;D:\Program Files (x86)\apache-maven-3.6.1\bin;D:\developEnviroment\Node.js\;D:\MySQL\bin\bin;D:\developEnviroment\MySQL\bin;C:\Users\73439\anaconda3;C:\Users\73439\anaconda3\Library\mingw-w64\bin;C:\Users\73439\anaconda3\Library\usr\bin;C:\Users\73439\anaconda3\Library\bin;C:\Users\73439\anaconda3\Scripts;C:\Users\73439\AppData\Local\Microsoft\WindowsApps;C:\Program Files\Bandizip\;D:\DevEco Studio\bin;;C:\Program Files\Java\tomcat\apache-tomcat-9.0.56\lib;C:\Program Files\Java\tomcat\apache-tomcat-9.0.56\bin;C:\Users\73439\AppData\Roaming\npm;D:\developTools\Microsoft VS Code\bin;."/>
    <property name="java.vm.info" value="mixed mode"/>
    <property name="java.vendor" value="Amazon.com Inc."/>
    <property name="java.vm.version" value="25.322-b06"/>
    <property name="java.ext.dirs" value="C:\Users\73439\.jdks\corretto-1.8.0_322\jre\lib\ext;C:\WINDOWS\Sun\Java\lib\ext"/>
    <property name="sun.io.unicode.encoding" value="UnicodeLittle"/>
    <property name="maven.repo.local" value="D:\Program Files (x86)\apache-maven-3.6.1\repository"/>
    <property name="java.class.version" value="52.0"/>
  </properties>
  <testcase name="shouldAnswerWithTrue" classname="org.example.AppTest" time="0.001"/>
</testsuite>